Using pre-set license
Built from '2020.3/release' branch; Version is '2020.3.7f1 (dd97f2c94397) revision 14522354'; Using compiler version '192528614'; Build Type 'Release'
OS: 'Windows 10 Enterprise; OS build 17763.1935; Version 1809; 64bit' Language: 'uk' Physical Memory: 7549 MB
BatchMode: 1, IsHumanControllingUs: 0, StartBugReporterOnCrash: 0, Is64bit: 1, IsPro: 0

 COMMAND LINE ARGUMENTS:
D:\Unity\2020.3.7f1\Editor\Unity.exe
-adb2
-batchMode
-noUpm
-name
AssetImportWorker0
-projectPath
D:/Projects/Unity Projects/Chrome T-Rex Runner
-logFile
Logs/AssetImportWorker0.log
-srvPort
50606
Successfully changed project path to: D:/Projects/Unity Projects/Chrome T-Rex Runner
D:/Projects/Unity Projects/Chrome T-Rex Runner
Using Asset Import Pipeline V2.
Refreshing native plugins compatible for Editor in 33.57 ms, found 1 plugins.
Preloading 0 native plugins for Editor in 0.00 ms.
Initialize engine version: 2020.3.7f1 (dd97f2c94397)
[Subsystems] Discovering subsystems at path D:/Unity/2020.3.7f1/Editor/Data/Resources/UnitySubsystems
[Subsystems] Discovering subsystems at path D:/Projects/Unity Projects/Chrome T-Rex Runner/Assets
GfxDevice: creating device client; threaded=0
Direct3D:
    Version:  Direct3D 11.0 [level 11.1]
    Renderer: NVIDIA GeForce RTX 2060 (ID=0x1f15)
    Vendor:   
    VRAM:     5980 MB
    Driver:   27.21.14.6647
Initialize mono
Mono path[0] = 'D:/Unity/2020.3.7f1/Editor/Data/Managed'
Mono path[1] = 'D:/Unity/2020.3.7f1/Editor/Data/MonoBleedingEdge/lib/mono/unityjit'
Mono config path = 'D:/Unity/2020.3.7f1/Editor/Data/MonoBleedingEdge/etc'
Using monoOptions --debugger-agent=transport=dt_socket,embedding=1,server=y,suspend=n,address=127.0.0.1:56484
Begin MonoManager ReloadAssembly
Registering precompiled unity dll's ...
Register platform support module: D:/Unity/2020.3.7f1/Editor/Data/PlaybackEngines/WindowsStandaloneSupport/UnityEditor.WindowsStandalone.Extensions.dll
Registered in 0.000792 seconds.
Native extension for WindowsStandalone target not found
Refreshing native plugins compatible for Editor in 34.24 ms, found 1 plugins.
Preloading 0 native plugins for Editor in 0.00 ms.
Mono: successfully reloaded assembly
- Completed reload, in  0.782 seconds
Platform modules already initialized, skipping
Registering precompiled user dll's ...
Registered in 0.000687 seconds.
Begin MonoManager ReloadAssembly
Native extension for WindowsStandalone target not found
Refreshing native plugins compatible for Editor in 34.25 ms, found 1 plugins.
Preloading 0 native plugins for Editor in 0.00 ms.
Mono: successfully reloaded assembly
- Completed reload, in  0.834 seconds
Platform modules already initialized, skipping
========================================================================
Worker process is ready to serve import requests
Launched and connected shader compiler UnityShaderCompiler.exe after 0.04 seconds
Refreshing native plugins compatible for Editor in 0.76 ms, found 1 plugins.
Preloading 0 native plugins for Editor in 0.00 ms.
Unloading 1812 Unused Serialized files (Serialized files now loaded: 0)
System memory in use before: 85.0 MB.
System memory in use after: 85.0 MB.

Unloading 23 unused Assets to reduce memory usage. Loaded Objects now: 2256.
Total: 2.809100 ms (FindLiveObjects: 0.207500 ms CreateObjectMapping: 0.052300 ms MarkObjects: 2.421100 ms  DeleteObjects: 0.126500 ms)

========================================================================
Received Import Request.
  path: Assets/Scripts/CactusSpawner.cs
  artifactKey: Guid(821a9d0a9eac32a4ca5824836ae60949) Importer(815301076,1909f56bfc062723c751e8b465ee728b)
Start importing Assets/Scripts/CactusSpawner.cs using Guid(821a9d0a9eac32a4ca5824836ae60949) Importer(815301076,1909f56bfc062723c751e8b465ee728b)  -> (artifact id: 'd3ec2c014baa2547ff2f6845a2021180') in 0.053168 seconds
  Import took 0.058214 seconds .

========================================================================
Received Prepare
Registering precompiled user dll's ...
Registered in 0.000689 seconds.
Begin MonoManager ReloadAssembly
Native extension for WindowsStandalone target not found
Refreshing native plugins compatible for Editor in 0.35 ms, found 1 plugins.
Preloading 0 native plugins for Editor in 0.00 ms.
Mono: successfully reloaded assembly
- Completed reload, in  0.732 seconds
Platform modules already initialized, skipping
Refreshing native plugins compatible for Editor in 0.36 ms, found 1 plugins.
Preloading 0 native plugins for Editor in 0.00 ms.
Unloading 1807 Unused Serialized files (Serialized files now loaded: 0)
System memory in use before: 85.0 MB.
System memory in use after: 85.0 MB.

Unloading 12 unused Assets to reduce memory usage. Loaded Objects now: 2260.
Total: 2.418900 ms (FindLiveObjects: 0.339700 ms CreateObjectMapping: 0.123900 ms MarkObjects: 1.821300 ms  DeleteObjects: 0.132100 ms)

========================================================================
Received Prepare
Registering precompiled user dll's ...
Registered in 0.001170 seconds.
Begin MonoManager ReloadAssembly
Native extension for WindowsStandalone target not found
Refreshing native plugins compatible for Editor in 0.44 ms, found 1 plugins.
Preloading 0 native plugins for Editor in 0.00 ms.
Mono: successfully reloaded assembly
- Completed reload, in  0.715 seconds
Platform modules already initialized, skipping
Refreshing native plugins compatible for Editor in 0.36 ms, found 1 plugins.
Preloading 0 native plugins for Editor in 0.00 ms.
Unloading 1807 Unused Serialized files (Serialized files now loaded: 0)
System memory in use before: 85.1 MB.
System memory in use after: 85.0 MB.

Unloading 12 unused Assets to reduce memory usage. Loaded Objects now: 2264.
Total: 2.576600 ms (FindLiveObjects: 0.238300 ms CreateObjectMapping: 0.049000 ms MarkObjects: 2.164200 ms  DeleteObjects: 0.123800 ms)

========================================================================
Received Prepare
Registering precompiled user dll's ...
Registered in 0.000703 seconds.
Begin MonoManager ReloadAssembly
Native extension for WindowsStandalone target not found
Refreshing native plugins compatible for Editor in 0.37 ms, found 1 plugins.
Preloading 0 native plugins for Editor in 0.00 ms.
Mono: successfully reloaded assembly
- Completed reload, in  0.718 seconds
Platform modules already initialized, skipping
Refreshing native plugins compatible for Editor in 0.64 ms, found 1 plugins.
Preloading 0 native plugins for Editor in 0.00 ms.
Unloading 1807 Unused Serialized files (Serialized files now loaded: 0)
System memory in use before: 85.1 MB.
System memory in use after: 85.1 MB.

Unloading 12 unused Assets to reduce memory usage. Loaded Objects now: 2268.
Total: 2.550500 ms (FindLiveObjects: 0.219400 ms CreateObjectMapping: 0.049700 ms MarkObjects: 2.156400 ms  DeleteObjects: 0.123300 ms)

========================================================================
Received Prepare
Registering precompiled user dll's ...
Registered in 0.000706 seconds.
Begin MonoManager ReloadAssembly
Native extension for WindowsStandalone target not found
Refreshing native plugins compatible for Editor in 0.35 ms, found 1 plugins.
Preloading 0 native plugins for Editor in 0.00 ms.
Mono: successfully reloaded assembly
- Completed reload, in  0.706 seconds
Platform modules already initialized, skipping
Refreshing native plugins compatible for Editor in 0.35 ms, found 1 plugins.
Preloading 0 native plugins for Editor in 0.00 ms.
Unloading 1807 Unused Serialized files (Serialized files now loaded: 0)
System memory in use before: 85.1 MB.
System memory in use after: 85.1 MB.

Unloading 12 unused Assets to reduce memory usage. Loaded Objects now: 2272.
Total: 2.599400 ms (FindLiveObjects: 0.268200 ms CreateObjectMapping: 0.090500 ms MarkObjects: 2.113100 ms  DeleteObjects: 0.125800 ms)

========================================================================
Received Prepare
Registering precompiled user dll's ...
Registered in 0.000708 seconds.
Begin MonoManager ReloadAssembly
Native extension for WindowsStandalone target not found
Refreshing native plugins compatible for Editor in 0.37 ms, found 1 plugins.
Preloading 0 native plugins for Editor in 0.00 ms.
Mono: successfully reloaded assembly
- Completed reload, in  0.708 seconds
Platform modules already initialized, skipping
Refreshing native plugins compatible for Editor in 0.39 ms, found 1 plugins.
Preloading 0 native plugins for Editor in 0.00 ms.
Unloading 1807 Unused Serialized files (Serialized files now loaded: 0)
System memory in use before: 85.1 MB.
System memory in use after: 85.1 MB.

Unloading 12 unused Assets to reduce memory usage. Loaded Objects now: 2276.
Total: 2.446900 ms (FindLiveObjects: 0.290100 ms CreateObjectMapping: 0.092200 ms MarkObjects: 1.942200 ms  DeleteObjects: 0.120700 ms)

========================================================================
Received Prepare
Registering precompiled user dll's ...
Registered in 0.000708 seconds.
Begin MonoManager ReloadAssembly
Native extension for WindowsStandalone target not found
Refreshing native plugins compatible for Editor in 0.37 ms, found 1 plugins.
Preloading 0 native plugins for Editor in 0.00 ms.
Mono: successfully reloaded assembly
- Completed reload, in  0.714 seconds
Platform modules already initialized, skipping
Refreshing native plugins compatible for Editor in 0.38 ms, found 1 plugins.
Preloading 0 native plugins for Editor in 0.00 ms.
Unloading 1807 Unused Serialized files (Serialized files now loaded: 0)
System memory in use before: 85.1 MB.
System memory in use after: 85.1 MB.

Unloading 12 unused Assets to reduce memory usage. Loaded Objects now: 2280.
Total: 2.700600 ms (FindLiveObjects: 0.205900 ms CreateObjectMapping: 0.048000 ms MarkObjects: 2.265000 ms  DeleteObjects: 0.180200 ms)

========================================================================
Received Prepare
Registering precompiled user dll's ...
Registered in 0.000732 seconds.
Begin MonoManager ReloadAssembly
Native extension for WindowsStandalone target not found
Refreshing native plugins compatible for Editor in 0.37 ms, found 1 plugins.
Preloading 0 native plugins for Editor in 0.00 ms.
Mono: successfully reloaded assembly
- Completed reload, in  0.715 seconds
Platform modules already initialized, skipping
Refreshing native plugins compatible for Editor in 0.40 ms, found 1 plugins.
Preloading 0 native plugins for Editor in 0.00 ms.
Unloading 1807 Unused Serialized files (Serialized files now loaded: 0)
System memory in use before: 85.1 MB.
System memory in use after: 85.1 MB.

Unloading 12 unused Assets to reduce memory usage. Loaded Objects now: 2284.
Total: 2.525800 ms (FindLiveObjects: 0.544000 ms CreateObjectMapping: 0.145700 ms MarkObjects: 1.710900 ms  DeleteObjects: 0.122700 ms)

========================================================================
Received Prepare
Registering precompiled user dll's ...
Registered in 0.000729 seconds.
Begin MonoManager ReloadAssembly
Native extension for WindowsStandalone target not found
Refreshing native plugins compatible for Editor in 0.35 ms, found 1 plugins.
Preloading 0 native plugins for Editor in 0.00 ms.
Mono: successfully reloaded assembly
- Completed reload, in  0.722 seconds
Platform modules already initialized, skipping
Refreshing native plugins compatible for Editor in 0.35 ms, found 1 plugins.
Preloading 0 native plugins for Editor in 0.00 ms.
Unloading 1807 Unused Serialized files (Serialized files now loaded: 0)
System memory in use before: 85.1 MB.
System memory in use after: 85.1 MB.

Unloading 12 unused Assets to reduce memory usage. Loaded Objects now: 2288.
Total: 2.950200 ms (FindLiveObjects: 0.255200 ms CreateObjectMapping: 0.048400 ms MarkObjects: 2.510300 ms  DeleteObjects: 0.134900 ms)

========================================================================
Received Prepare
Registering precompiled user dll's ...
Registered in 0.000699 seconds.
Begin MonoManager ReloadAssembly
Native extension for WindowsStandalone target not found
Refreshing native plugins compatible for Editor in 0.36 ms, found 1 plugins.
Preloading 0 native plugins for Editor in 0.00 ms.
Mono: successfully reloaded assembly
- Completed reload, in  0.704 seconds
Platform modules already initialized, skipping
Refreshing native plugins compatible for Editor in 0.40 ms, found 1 plugins.
Preloading 0 native plugins for Editor in 0.00 ms.
Unloading 1807 Unused Serialized files (Serialized files now loaded: 0)
System memory in use before: 85.1 MB.
System memory in use after: 85.1 MB.

Unloading 12 unused Assets to reduce memory usage. Loaded Objects now: 2292.
Total: 2.316400 ms (FindLiveObjects: 0.214100 ms CreateObjectMapping: 0.049100 ms MarkObjects: 1.918400 ms  DeleteObjects: 0.133400 ms)

========================================================================
Received Import Request.
  Time since last request: 1922.610077 seconds.
  path: Assets/Scripts/CactusMover.cs
  artifactKey: Guid(4c9bd5182e9cf2740850103a12f2c185) Importer(815301076,1909f56bfc062723c751e8b465ee728b)
Start importing Assets/Scripts/CactusMover.cs using Guid(4c9bd5182e9cf2740850103a12f2c185) Importer(815301076,1909f56bfc062723c751e8b465ee728b)  -> (artifact id: '84f49432688c44fd88bd777d8fe8bd73') in 0.010587 seconds
  Import took 0.014397 seconds .

========================================================================
Received Prepare
Registering precompiled user dll's ...
Registered in 0.000779 seconds.
Begin MonoManager ReloadAssembly
Native extension for WindowsStandalone target not found
Refreshing native plugins compatible for Editor in 0.38 ms, found 1 plugins.
Preloading 0 native plugins for Editor in 0.00 ms.
Mono: successfully reloaded assembly
- Completed reload, in  1.037 seconds
Platform modules already initialized, skipping
Refreshing native plugins compatible for Editor in 2.25 ms, found 1 plugins.
Preloading 0 native plugins for Editor in 0.00 ms.
Unloading 1808 Unused Serialized files (Serialized files now loaded: 0)
System memory in use before: 85.2 MB.
System memory in use after: 85.1 MB.

Unloading 12 unused Assets to reduce memory usage. Loaded Objects now: 2297.
Total: 9.149000 ms (FindLiveObjects: 0.770800 ms CreateObjectMapping: 0.483500 ms MarkObjects: 7.676900 ms  DeleteObjects: 0.214900 ms)

========================================================================
Received Prepare
Registering precompiled user dll's ...
Registered in 0.000711 seconds.
Begin MonoManager ReloadAssembly
Native extension for WindowsStandalone target not found
Refreshing native plugins compatible for Editor in 0.39 ms, found 1 plugins.
Preloading 0 native plugins for Editor in 0.00 ms.
Mono: successfully reloaded assembly
- Completed reload, in  0.727 seconds
Platform modules already initialized, skipping
Refreshing native plugins compatible for Editor in 0.40 ms, found 1 plugins.
Preloading 0 native plugins for Editor in 0.00 ms.
Unloading 1808 Unused Serialized files (Serialized files now loaded: 0)
System memory in use before: 85.2 MB.
System memory in use after: 85.2 MB.

Unloading 12 unused Assets to reduce memory usage. Loaded Objects now: 2301.
Total: 2.859400 ms (FindLiveObjects: 0.362300 ms CreateObjectMapping: 0.123600 ms MarkObjects: 2.230700 ms  DeleteObjects: 0.139500 ms)

========================================================================
Received Import Request.
  Time since last request: 54.826005 seconds.
  path: Assets/Scripts/CactusMover.cs
  artifactKey: Guid(4c9bd5182e9cf2740850103a12f2c185) Importer(815301076,1909f56bfc062723c751e8b465ee728b)
Start importing Assets/Scripts/CactusMover.cs using Guid(4c9bd5182e9cf2740850103a12f2c185) Importer(815301076,1909f56bfc062723c751e8b465ee728b)  -> (artifact id: 'f3f33b16c0c594a0e88a5f057743e8aa') in 0.004803 seconds
  Import took 0.010812 seconds .

========================================================================
Received Prepare
Registering precompiled user dll's ...
Registered in 0.000703 seconds.
Begin MonoManager ReloadAssembly
Native extension for WindowsStandalone target not found
Refreshing native plugins compatible for Editor in 0.37 ms, found 1 plugins.
Preloading 0 native plugins for Editor in 0.00 ms.
Mono: successfully reloaded assembly
- Completed reload, in  0.709 seconds
Platform modules already initialized, skipping
Refreshing native plugins compatible for Editor in 0.42 ms, found 1 plugins.
Preloading 0 native plugins for Editor in 0.00 ms.
Unloading 1808 Unused Serialized files (Serialized files now loaded: 0)
System memory in use before: 85.2 MB.
System memory in use after: 85.2 MB.

Unloading 12 unused Assets to reduce memory usage. Loaded Objects now: 2305.
Total: 2.317500 ms (FindLiveObjects: 0.388800 ms CreateObjectMapping: 0.055500 ms MarkObjects: 1.750700 ms  DeleteObjects: 0.120300 ms)

========================================================================
Received Import Request.
  Time since last request: 57.412934 seconds.
  path: Assets/Prefabs/Cactus1.prefab
  artifactKey: Guid(3932fdf49b9da5e4888aa37b827290d2) Importer(815301076,1909f56bfc062723c751e8b465ee728b)
Start importing Assets/Prefabs/Cactus1.prefab using Guid(3932fdf49b9da5e4888aa37b827290d2) Importer(815301076,1909f56bfc062723c751e8b465ee728b)  -> (artifact id: '03eb5d3fa05242ce5a3f84dacf3fd930') in 0.085261 seconds
  Import took 0.089414 seconds .

========================================================================
Received Import Request.
  Time since last request: 9.835860 seconds.
  path: Assets/Prefabs/Cactus2.prefab
  artifactKey: Guid(c21c8775a78634f478c1e1a17940724a) Importer(815301076,1909f56bfc062723c751e8b465ee728b)
Start importing Assets/Prefabs/Cactus2.prefab using Guid(c21c8775a78634f478c1e1a17940724a) Importer(815301076,1909f56bfc062723c751e8b465ee728b)  -> (artifact id: '828b553658f745d405a7b9bbb3375321') in 0.017456 seconds
  Import took 0.021347 seconds .

========================================================================
Received Import Request.
  Time since last request: 5.267145 seconds.
  path: Assets/Prefabs/Cactus3.prefab
  artifactKey: Guid(ba13f61a97d602d4b855c014537eeed4) Importer(815301076,1909f56bfc062723c751e8b465ee728b)
Start importing Assets/Prefabs/Cactus3.prefab using Guid(ba13f61a97d602d4b855c014537eeed4) Importer(815301076,1909f56bfc062723c751e8b465ee728b)  -> (artifact id: 'fe2bb1b5ab3a35d0f269bc607840528d') in 0.016166 seconds
  Import took 0.020190 seconds .

========================================================================
Received Import Request.
  Time since last request: 4.539962 seconds.
  path: Assets/Prefabs/Cactus4.prefab
  artifactKey: Guid(83a88e6a92cd8de448268421db7e99ea) Importer(815301076,1909f56bfc062723c751e8b465ee728b)
Start importing Assets/Prefabs/Cactus4.prefab using Guid(83a88e6a92cd8de448268421db7e99ea) Importer(815301076,1909f56bfc062723c751e8b465ee728b)  -> (artifact id: '746ef29e90f5aabdf6565bcb70c75b7f') in 0.017657 seconds
  Import took 0.021012 seconds .

========================================================================
Received Prepare
Registering precompiled user dll's ...
Registered in 0.000691 seconds.
Begin MonoManager ReloadAssembly
Native extension for WindowsStandalone target not found
Refreshing native plugins compatible for Editor in 0.38 ms, found 1 plugins.
Preloading 0 native plugins for Editor in 0.00 ms.
Mono: successfully reloaded assembly
- Completed reload, in  0.703 seconds
Platform modules already initialized, skipping
Refreshing native plugins compatible for Editor in 0.35 ms, found 1 plugins.
Preloading 0 native plugins for Editor in 0.00 ms.
Unloading 1808 Unused Serialized files (Serialized files now loaded: 0)
System memory in use before: 88.3 MB.
System memory in use after: 88.3 MB.

Unloading 12 unused Assets to reduce memory usage. Loaded Objects now: 2316.
Total: 3.136600 ms (FindLiveObjects: 0.338900 ms CreateObjectMapping: 0.121800 ms MarkObjects: 2.554700 ms  DeleteObjects: 0.119100 ms)

========================================================================
Received Prepare
Registering precompiled user dll's ...
Registered in 0.000713 seconds.
Begin MonoManager ReloadAssembly
Native extension for WindowsStandalone target not found
Refreshing native plugins compatible for Editor in 0.40 ms, found 1 plugins.
Preloading 0 native plugins for Editor in 0.00 ms.
Mono: successfully reloaded assembly
- Completed reload, in  0.754 seconds
Platform modules already initialized, skipping
Refreshing native plugins compatible for Editor in 0.39 ms, found 1 plugins.
Preloading 0 native plugins for Editor in 0.00 ms.
Unloading 1808 Unused Serialized files (Serialized files now loaded: 0)
System memory in use before: 88.3 MB.
System memory in use after: 88.3 MB.

Unloading 12 unused Assets to reduce memory usage. Loaded Objects now: 2320.
Total: 2.273700 ms (FindLiveObjects: 0.234700 ms CreateObjectMapping: 0.049900 ms MarkObjects: 1.864600 ms  DeleteObjects: 0.122900 ms)

========================================================================
Received Prepare
Registering precompiled user dll's ...
Registered in 0.000772 seconds.
Begin MonoManager ReloadAssembly
Native extension for WindowsStandalone target not found
Refreshing native plugins compatible for Editor in 0.40 ms, found 1 plugins.
Preloading 0 native plugins for Editor in 0.00 ms.
Mono: successfully reloaded assembly
- Completed reload, in  0.717 seconds
Platform modules already initialized, skipping
Refreshing native plugins compatible for Editor in 0.37 ms, found 1 plugins.
Preloading 0 native plugins for Editor in 0.00 ms.
Unloading 1808 Unused Serialized files (Serialized files now loaded: 0)
System memory in use before: 88.3 MB.
System memory in use after: 88.3 MB.

Unloading 12 unused Assets to reduce memory usage. Loaded Objects now: 2324.
Total: 2.800100 ms (FindLiveObjects: 0.592800 ms CreateObjectMapping: 0.083900 ms MarkObjects: 1.978600 ms  DeleteObjects: 0.142000 ms)

========================================================================
Received Prepare
Registering precompiled user dll's ...
Registered in 0.000711 seconds.
Begin MonoManager ReloadAssembly
Native extension for WindowsStandalone target not found
Refreshing native plugins compatible for Editor in 0.38 ms, found 1 plugins.
Preloading 0 native plugins for Editor in 0.00 ms.
Mono: successfully reloaded assembly
- Completed reload, in  0.713 seconds
Platform modules already initialized, skipping
Refreshing native plugins compatible for Editor in 0.37 ms, found 1 plugins.
Preloading 0 native plugins for Editor in 0.00 ms.
Unloading 1808 Unused Serialized files (Serialized files now loaded: 0)
System memory in use before: 88.3 MB.
System memory in use after: 88.3 MB.

Unloading 12 unused Assets to reduce memory usage. Loaded Objects now: 2328.
Total: 3.118900 ms (FindLiveObjects: 0.278900 ms CreateObjectMapping: 0.098000 ms MarkObjects: 2.603300 ms  DeleteObjects: 0.137400 ms)

========================================================================
Received Prepare
Registering precompiled user dll's ...
Registered in 0.000763 seconds.
Begin MonoManager ReloadAssembly
Native extension for WindowsStandalone target not found
Refreshing native plugins compatible for Editor in 0.38 ms, found 1 plugins.
Preloading 0 native plugins for Editor in 0.00 ms.
Mono: successfully reloaded assembly
- Completed reload, in  0.700 seconds
Platform modules already initialized, skipping
Refreshing native plugins compatible for Editor in 0.39 ms, found 1 plugins.
Preloading 0 native plugins for Editor in 0.00 ms.
Unloading 1808 Unused Serialized files (Serialized files now loaded: 0)
System memory in use before: 88.3 MB.
System memory in use after: 88.3 MB.

Unloading 12 unused Assets to reduce memory usage. Loaded Objects now: 2332.
Total: 2.961000 ms (FindLiveObjects: 0.315800 ms CreateObjectMapping: 0.125300 ms MarkObjects: 2.398800 ms  DeleteObjects: 0.119400 ms)

========================================================================
Received Import Request.
  Time since last request: 277.242212 seconds.
  path: Assets/Prefabs/Cactus1.prefab
  artifactKey: Guid(3932fdf49b9da5e4888aa37b827290d2) Importer(815301076,1909f56bfc062723c751e8b465ee728b)
Start importing Assets/Prefabs/Cactus1.prefab using Guid(3932fdf49b9da5e4888aa37b827290d2) Importer(815301076,1909f56bfc062723c751e8b465ee728b)  -> (artifact id: '9f00ed0c9062d51a08cc59d1b146ab27') in 0.052457 seconds
  Import took 0.056075 seconds .

========================================================================
Received Import Request.
  Time since last request: 0.339376 seconds.
  path: Assets/Prefabs/Cactus1.prefab
  artifactKey: Guid(3932fdf49b9da5e4888aa37b827290d2) Importer(815301076,1909f56bfc062723c751e8b465ee728b)
Start importing Assets/Prefabs/Cactus1.prefab using Guid(3932fdf49b9da5e4888aa37b827290d2) Importer(815301076,1909f56bfc062723c751e8b465ee728b)  -> (artifact id: '3f75d549696a26405ba8ddc02f8d0e4a') in 0.016459 seconds
  Import took 0.020508 seconds .

========================================================================
Received Import Request.
  Time since last request: 2.993621 seconds.
  path: Assets/Prefabs/Cactus2.prefab
  artifactKey: Guid(c21c8775a78634f478c1e1a17940724a) Importer(815301076,1909f56bfc062723c751e8b465ee728b)
Start importing Assets/Prefabs/Cactus2.prefab using Guid(c21c8775a78634f478c1e1a17940724a) Importer(815301076,1909f56bfc062723c751e8b465ee728b)  -> (artifact id: 'f7fe92379602bfc6ddb565746f9f9094') in 0.013385 seconds
  Import took 0.017808 seconds .

========================================================================
Received Import Request.
  Time since last request: 2.909359 seconds.
  path: Assets/Prefabs/Cactus3.prefab
  artifactKey: Guid(ba13f61a97d602d4b855c014537eeed4) Importer(815301076,1909f56bfc062723c751e8b465ee728b)
Start importing Assets/Prefabs/Cactus3.prefab using Guid(ba13f61a97d602d4b855c014537eeed4) Importer(815301076,1909f56bfc062723c751e8b465ee728b)  -> (artifact id: 'bc37f2cd72ce851dce3553e08239436d') in 0.015084 seconds
  Import took 0.018821 seconds .

========================================================================
Received Import Request.
  Time since last request: 3.304315 seconds.
  path: Assets/Prefabs/Cactus4.prefab
  artifactKey: Guid(83a88e6a92cd8de448268421db7e99ea) Importer(815301076,1909f56bfc062723c751e8b465ee728b)
Start importing Assets/Prefabs/Cactus4.prefab using Guid(83a88e6a92cd8de448268421db7e99ea) Importer(815301076,1909f56bfc062723c751e8b465ee728b)  -> (artifact id: '918bbd4650e8ca23828df6ad363a5fc8') in 0.013428 seconds
  Import took 0.016803 seconds .

========================================================================
Received Prepare
Registering precompiled user dll's ...
Registered in 0.000695 seconds.
Begin MonoManager ReloadAssembly
Native extension for WindowsStandalone target not found
Refreshing native plugins compatible for Editor in 0.37 ms, found 1 plugins.
Preloading 0 native plugins for Editor in 0.00 ms.
Mono: successfully reloaded assembly
- Completed reload, in  0.703 seconds
Platform modules already initialized, skipping
Refreshing native plugins compatible for Editor in 0.42 ms, found 1 plugins.
Preloading 0 native plugins for Editor in 0.00 ms.
Unloading 1808 Unused Serialized files (Serialized files now loaded: 0)
System memory in use before: 88.4 MB.
System memory in use after: 88.3 MB.

Unloading 12 unused Assets to reduce memory usage. Loaded Objects now: 2337.
Total: 3.170500 ms (FindLiveObjects: 0.268100 ms CreateObjectMapping: 0.092200 ms MarkObjects: 2.686300 ms  DeleteObjects: 0.122200 ms)

========================================================================
Received Prepare
Registering precompiled user dll's ...
Registered in 0.000716 seconds.
Begin MonoManager ReloadAssembly
Native extension for WindowsStandalone target not found
Refreshing native plugins compatible for Editor in 0.40 ms, found 1 plugins.
Preloading 0 native plugins for Editor in 0.00 ms.
Mono: successfully reloaded assembly
- Completed reload, in  0.718 seconds
Platform modules already initialized, skipping
Refreshing native plugins compatible for Editor in 0.36 ms, found 1 plugins.
Preloading 0 native plugins for Editor in 0.00 ms.
Unloading 1808 Unused Serialized files (Serialized files now loaded: 0)
System memory in use before: 88.4 MB.
System memory in use after: 88.3 MB.

Unloading 12 unused Assets to reduce memory usage. Loaded Objects now: 2341.
Total: 2.284400 ms (FindLiveObjects: 0.216000 ms CreateObjectMapping: 0.047800 ms MarkObjects: 1.896700 ms  DeleteObjects: 0.122300 ms)

========================================================================
Received Prepare
Registering precompiled user dll's ...
Registered in 0.000752 seconds.
Begin MonoManager ReloadAssembly
Native extension for WindowsStandalone target not found
Refreshing native plugins compatible for Editor in 0.42 ms, found 1 plugins.
Preloading 0 native plugins for Editor in 0.00 ms.
Mono: successfully reloaded assembly
- Completed reload, in  0.717 seconds
Platform modules already initialized, skipping
Refreshing native plugins compatible for Editor in 0.38 ms, found 1 plugins.
Preloading 0 native plugins for Editor in 0.00 ms.
Unloading 1808 Unused Serialized files (Serialized files now loaded: 0)
System memory in use before: 88.4 MB.
System memory in use after: 88.3 MB.

Unloading 12 unused Assets to reduce memory usage. Loaded Objects now: 2345.
Total: 3.153600 ms (FindLiveObjects: 0.314000 ms CreateObjectMapping: 0.145500 ms MarkObjects: 2.568700 ms  DeleteObjects: 0.123400 ms)

========================================================================
Received Import Request.
  Time since last request: 142.423910 seconds.
  path: Assets/Prefabs/Cactus3.prefab
  artifactKey: Guid(ba13f61a97d602d4b855c014537eeed4) Importer(815301076,1909f56bfc062723c751e8b465ee728b)
Start importing Assets/Prefabs/Cactus3.prefab using Guid(ba13f61a97d602d4b855c014537eeed4) Importer(815301076,1909f56bfc062723c751e8b465ee728b)  -> (artifact id: 'c5accaa2ab9915c0899b060e821b7c54') in 0.049303 seconds
  Import took 0.056098 seconds .

========================================================================
Received Import Request.
  Time since last request: 1.192101 seconds.
  path: Assets/Prefabs/Cactus2.prefab
  artifactKey: Guid(c21c8775a78634f478c1e1a17940724a) Importer(815301076,1909f56bfc062723c751e8b465ee728b)
Start importing Assets/Prefabs/Cactus2.prefab using Guid(c21c8775a78634f478c1e1a17940724a) Importer(815301076,1909f56bfc062723c751e8b465ee728b)  -> (artifact id: '22925be1f839c5e8ab632c8f0b37e946') in 0.012201 seconds
  Import took 0.015856 seconds .

========================================================================
Received Import Request.
  Time since last request: 13.462746 seconds.
  path: Assets/Prefabs/Cactus1.prefab
  artifactKey: Guid(3932fdf49b9da5e4888aa37b827290d2) Importer(815301076,1909f56bfc062723c751e8b465ee728b)
Start importing Assets/Prefabs/Cactus1.prefab using Guid(3932fdf49b9da5e4888aa37b827290d2) Importer(815301076,1909f56bfc062723c751e8b465ee728b)  -> (artifact id: 'a61e0d36effbf04357c9a2a00d0b24a7') in 0.011265 seconds
  Import took 0.015094 seconds .

========================================================================
Received Prepare
Registering precompiled user dll's ...
Registered in 0.000816 seconds.
Begin MonoManager ReloadAssembly
Native extension for WindowsStandalone target not found
Refreshing native plugins compatible for Editor in 0.35 ms, found 1 plugins.
Preloading 0 native plugins for Editor in 0.00 ms.
Mono: successfully reloaded assembly
- Completed reload, in  0.709 seconds
Platform modules already initialized, skipping
Refreshing native plugins compatible for Editor in 0.38 ms, found 1 plugins.
Preloading 0 native plugins for Editor in 0.00 ms.
Unloading 1808 Unused Serialized files (Serialized files now loaded: 0)
System memory in use before: 88.4 MB.
System memory in use after: 88.4 MB.

Unloading 12 unused Assets to reduce memory usage. Loaded Objects now: 2350.
Total: 3.191000 ms (FindLiveObjects: 0.234400 ms CreateObjectMapping: 0.119000 ms MarkObjects: 2.723600 ms  DeleteObjects: 0.112800 ms)

========================================================================
Received Import Request.
  Time since last request: 32.955811 seconds.
  path: Assets/Prefabs/Cactus4.prefab
  artifactKey: Guid(83a88e6a92cd8de448268421db7e99ea) Importer(815301076,1909f56bfc062723c751e8b465ee728b)
Start importing Assets/Prefabs/Cactus4.prefab using Guid(83a88e6a92cd8de448268421db7e99ea) Importer(815301076,1909f56bfc062723c751e8b465ee728b)  -> (artifact id: 'd345d7784c167d29514b091af852b0a4') in 0.052911 seconds
  Import took 0.057008 seconds .

========================================================================
Received Import Request.
  Time since last request: 16.467355 seconds.
  path: Assets/Prefabs/Cactus4.prefab
  artifactKey: Guid(83a88e6a92cd8de448268421db7e99ea) Importer(815301076,1909f56bfc062723c751e8b465ee728b)
Start importing Assets/Prefabs/Cactus4.prefab using Guid(83a88e6a92cd8de448268421db7e99ea) Importer(815301076,1909f56bfc062723c751e8b465ee728b)  -> (artifact id: '977ba87cbc3175475f2884ba03ac23da') in 0.014591 seconds
  Import took 0.018148 seconds .

========================================================================
Received Import Request.
  Time since last request: 3.821194 seconds.
  path: Assets/Prefabs/Cactus4.prefab
  artifactKey: Guid(83a88e6a92cd8de448268421db7e99ea) Importer(815301076,1909f56bfc062723c751e8b465ee728b)
Start importing Assets/Prefabs/Cactus4.prefab using Guid(83a88e6a92cd8de448268421db7e99ea) Importer(815301076,1909f56bfc062723c751e8b465ee728b)  -> (artifact id: '2906f9cb9c58aab8ba561db8a8cbcce8') in 0.014134 seconds
  Import took 0.017731 seconds .

========================================================================
Received Import Request.
  Time since last request: 14.492811 seconds.
  path: Assets/Prefabs/Cactus4.prefab
  artifactKey: Guid(83a88e6a92cd8de448268421db7e99ea) Importer(815301076,1909f56bfc062723c751e8b465ee728b)
Start importing Assets/Prefabs/Cactus4.prefab using Guid(83a88e6a92cd8de448268421db7e99ea) Importer(815301076,1909f56bfc062723c751e8b465ee728b)  -> (artifact id: '941644eaabc9c83d0dee7a3118d8bff8') in 0.015210 seconds
  Import took 0.018607 seconds .

========================================================================
Received Import Request.
  Time since last request: 6.803609 seconds.
  path: Assets/Prefabs/Cactus4.prefab
  artifactKey: Guid(83a88e6a92cd8de448268421db7e99ea) Importer(815301076,1909f56bfc062723c751e8b465ee728b)
Start importing Assets/Prefabs/Cactus4.prefab using Guid(83a88e6a92cd8de448268421db7e99ea) Importer(815301076,1909f56bfc062723c751e8b465ee728b)  -> (artifact id: 'c153ac4fcbb653c175621763c60da15d') in 0.015885 seconds
  Import took 0.020386 seconds .

========================================================================
Received Prepare
Registering precompiled user dll's ...
Registered in 0.000714 seconds.
Begin MonoManager ReloadAssembly
Native extension for WindowsStandalone target not found
Refreshing native plugins compatible for Editor in 0.38 ms, found 1 plugins.
Preloading 0 native plugins for Editor in 0.00 ms.
Mono: successfully reloaded assembly
- Completed reload, in  0.700 seconds
Platform modules already initialized, skipping
Refreshing native plugins compatible for Editor in 0.42 ms, found 1 plugins.
Preloading 0 native plugins for Editor in 0.00 ms.
Unloading 1808 Unused Serialized files (Serialized files now loaded: 0)
System memory in use before: 88.4 MB.
System memory in use after: 88.4 MB.

Unloading 12 unused Assets to reduce memory usage. Loaded Objects now: 2355.
Total: 2.805500 ms (FindLiveObjects: 0.272200 ms CreateObjectMapping: 0.092900 ms MarkObjects: 2.317100 ms  DeleteObjects: 0.121700 ms)

========================================================================
Received Prepare
Registering precompiled user dll's ...
Registered in 0.000710 seconds.
Begin MonoManager ReloadAssembly
Native extension for WindowsStandalone target not found
Refreshing native plugins compatible for Editor in 0.37 ms, found 1 plugins.
Preloading 0 native plugins for Editor in 0.00 ms.
Mono: successfully reloaded assembly
- Completed reload, in  0.697 seconds
Platform modules already initialized, skipping
Refreshing native plugins compatible for Editor in 0.36 ms, found 1 plugins.
Preloading 0 native plugins for Editor in 0.00 ms.
Unloading 1808 Unused Serialized files (Serialized files now loaded: 0)
System memory in use before: 88.4 MB.
System memory in use after: 88.4 MB.

Unloading 12 unused Assets to reduce memory usage. Loaded Objects now: 2359.
Total: 2.274100 ms (FindLiveObjects: 0.252100 ms CreateObjectMapping: 0.050200 ms MarkObjects: 1.850000 ms  DeleteObjects: 0.120400 ms)

========================================================================
Received Import Request.
  Time since last request: 81.552954 seconds.
  path: Assets/Prefabs/Cactus4.prefab
  artifactKey: Guid(83a88e6a92cd8de448268421db7e99ea) Importer(815301076,1909f56bfc062723c751e8b465ee728b)
Start importing Assets/Prefabs/Cactus4.prefab using Guid(83a88e6a92cd8de448268421db7e99ea) Importer(815301076,1909f56bfc062723c751e8b465ee728b)  -> (artifact id: 'f0fe71fa6dc957eb5a786280c7aa2877') in 0.053488 seconds
  Import took 0.057487 seconds .

========================================================================
Received Import Request.
  Time since last request: 0.931692 seconds.
  path: Assets/Prefabs/Cactus4.prefab
  artifactKey: Guid(83a88e6a92cd8de448268421db7e99ea) Importer(815301076,1909f56bfc062723c751e8b465ee728b)
Start importing Assets/Prefabs/Cactus4.prefab using Guid(83a88e6a92cd8de448268421db7e99ea) Importer(815301076,1909f56bfc062723c751e8b465ee728b)  -> (artifact id: 'e70d40438bf09c4ef2cc1b833d0c75eb') in 0.018893 seconds
  Import took 0.022760 seconds .

========================================================================
Received Prepare
Registering precompiled user dll's ...
Registered in 0.000782 seconds.
Begin MonoManager ReloadAssembly
Native extension for WindowsStandalone target not found
Refreshing native plugins compatible for Editor in 0.39 ms, found 1 plugins.
Preloading 0 native plugins for Editor in 0.00 ms.
Mono: successfully reloaded assembly
- Completed reload, in  0.709 seconds
Platform modules already initialized, skipping
Refreshing native plugins compatible for Editor in 0.38 ms, found 1 plugins.
Preloading 0 native plugins for Editor in 0.00 ms.
Unloading 1808 Unused Serialized files (Serialized files now loaded: 0)
System memory in use before: 88.4 MB.
System memory in use after: 88.4 MB.

Unloading 12 unused Assets to reduce memory usage. Loaded Objects now: 2364.
Total: 2.381700 ms (FindLiveObjects: 0.331200 ms CreateObjectMapping: 0.099100 ms MarkObjects: 1.831900 ms  DeleteObjects: 0.118100 ms)

========================================================================
Received Prepare
Registering precompiled user dll's ...
Registered in 0.000839 seconds.
Begin MonoManager ReloadAssembly
Native extension for WindowsStandalone target not found
Refreshing native plugins compatible for Editor in 0.35 ms, found 1 plugins.
Preloading 0 native plugins for Editor in 0.00 ms.
Mono: successfully reloaded assembly
- Completed reload, in  0.715 seconds
Platform modules already initialized, skipping
Refreshing native plugins compatible for Editor in 0.35 ms, found 1 plugins.
Preloading 0 native plugins for Editor in 0.00 ms.
Unloading 1808 Unused Serialized files (Serialized files now loaded: 0)
System memory in use before: 88.4 MB.
System memory in use after: 88.4 MB.

Unloading 12 unused Assets to reduce memory usage. Loaded Objects now: 2368.
Total: 2.244500 ms (FindLiveObjects: 0.232300 ms CreateObjectMapping: 0.048200 ms MarkObjects: 1.835100 ms  DeleteObjects: 0.127600 ms)

